Building DAG of jobs...
3.11.1 (main, Apr  4 2023, 06:41:41) [GCC 8.5.0 20210514 (Red Hat 8.5.0-10)]
['Medicago_sativa', 'Diplocyclos_palmidus', 'Dactylis_glomerata']
Building DAG of jobs...
Conda environment https://github.com/snakemake/snakemake-wrappers/raw/v3.7.0/bio/samtools/fastq/separate/environment.yaml will be created.
Conda environment envs/samtools.yml will be created.
Job stats:
job                     count
--------------------  -------
GA_CT_assembly              2
GA_CT_fail_reads            3
GA_CT_reads                 2
all                         1
make_fastq_fail             3
minimap_fail                3
minimap_raw                 2
plot_assembly_curves        3
plot_fail_curves            3
samtools_index_fail         3
samtools_index_raw          3
samtools_sort_fail          3
samtools_sort_raw           2
zip_fastq_fail              3
total                      36

Execute 10 jobs...

[Fri Apr 12 13:56:15 2024]
localrule GA_CT_reads:
    input: /work/project/briefwp3/Adela/Dactylis_glomerata/fastq_file/Dactylis_glomerata.fastq.gz
    output: /work/project/briefwp3/Adela/GA_CT/results/Dactylis_glomerata_GACT_raw_reads.txt
    jobid: 15
    reason: Missing output files: /work/project/briefwp3/Adela/GA_CT/results/Dactylis_glomerata_GACT_raw_reads.txt
    wildcards: spec=Dactylis_glomerata
    resources: tmpdir=<TBD>


[Fri Apr 12 13:56:15 2024]
localrule GA_CT_assembly:
    input: /work/project/briefwp3/Adela/Diplocyclos_palmidus/downsampled_ass/Diplocyclos_palmidus.asm.bp.p_ctg.fa
    output: /work/project/briefwp3/Adela/GA_CT/results/Diplocyclos_palmidus_GACT_assembly.txt
    jobid: 8
    reason: Missing output files: /work/project/briefwp3/Adela/GA_CT/results/Diplocyclos_palmidus_GACT_assembly.txt
    wildcards: spec=Diplocyclos_palmidus
    resources: tmpdir=<TBD>


[Fri Apr 12 13:56:15 2024]
localrule GA_CT_assembly:
    input: /work/project/briefwp3/Adela/Dactylis_glomerata/assembly/Dactylis_glomerata.asm.bp.p_ctg.fa
    output: /work/project/briefwp3/Adela/GA_CT/results/Dactylis_glomerata_GACT_assembly.txt
    jobid: 14
    reason: Missing output files: /work/project/briefwp3/Adela/GA_CT/results/Dactylis_glomerata_GACT_assembly.txt
    wildcards: spec=Dactylis_glomerata
    resources: tmpdir=<TBD>


[Fri Apr 12 13:56:15 2024]
localrule minimap_raw:
    input: /work/project/briefwp3/Adela/Diplocyclos_palmidus/downsampled_ass/Diplocyclos_palmidus.asm.bp.p_ctg.fa, /work/project/briefwp3/Adela/Diplocyclos_palmidus/fastq_file/Diplocyclos_palmidus.fastq.gz
    output: /work/project/briefwp3/Adela/GA_CT/results/mapped_reads/Diplocyclos_palmidus_raw.bam
    jobid: 11
    reason: Missing output files: /work/project/briefwp3/Adela/GA_CT/results/mapped_reads/Diplocyclos_palmidus_raw.bam
    wildcards: spec=Diplocyclos_palmidus
    threads: 5
    resources: tmpdir=<TBD>


[Fri Apr 12 13:56:15 2024]
localrule samtools_index_raw:
    input: /work/project/briefwp3/Adela/GA_CT/results/mapped_reads/Medicago_sativa_raw_sorted.bam
    output: /work/project/briefwp3/Adela/GA_CT/results/mapped_reads/Medicago_sativa_raw_sorted.bam.bai
    jobid: 6
    reason: Missing output files: /work/project/briefwp3/Adela/GA_CT/results/mapped_reads/Medicago_sativa_raw_sorted.bam.bai
    wildcards: spec=Medicago_sativa
    threads: 4
    resources: tmpdir=<TBD>


[Fri Apr 12 13:56:15 2024]
localrule make_fastq_fail:
    input: /save/project/pepr_agroeco/WP1-WP2/FORAGE/AGRODIV_DIPAL_GENOME/r84087_20231011_153509/1_C01/fail_reads/m84087_231011_164406_s3.fail_reads.default.bam
    output: /work/project/briefwp3/Adela/GA_CT/results/mapped_reads/Diplocyclos_palmidus_fail.fq
    jobid: 29
    reason: Missing output files: /work/project/briefwp3/Adela/GA_CT/results/mapped_reads/Diplocyclos_palmidus_fail.fq
    wildcards: spec=Diplocyclos_palmidus
    threads: 3
    resources: tmpdir=<TBD>


[Fri Apr 12 13:56:15 2024]
localrule make_fastq_fail:
    input: /save/project/pepr_agroeco/WP1-WP2/FORAGE/AGRODIV_DAGLO_LUKIR/r84087_20231220_162434/1_C01/fail_reads/m84087_231220_203121_s3.fail_reads.bam
    output: /work/project/briefwp3/Adela/GA_CT/results/mapped_reads/Dactylis_glomerata_fail.fq
    jobid: 36
    reason: Missing output files: /work/project/briefwp3/Adela/GA_CT/results/mapped_reads/Dactylis_glomerata_fail.fq
    wildcards: spec=Dactylis_glomerata
    threads: 3
    resources: tmpdir=<TBD>


[Fri Apr 12 13:56:15 2024]
localrule make_fastq_fail:
    input: /save/project/pepr_agroeco/WP1-WP2/FORAGE/AGRODIV_MESAT_MILKYMAX/r84087_20231102_141650/1_A01/fail_reads/m84087_231102_142501_s1.fail_reads.default.bam
    output: /work/project/briefwp3/Adela/GA_CT/results/mapped_reads/Medicago_sativa_fail.fq
    jobid: 22
    reason: Missing output files: /work/project/briefwp3/Adela/GA_CT/results/mapped_reads/Medicago_sativa_fail.fq
    wildcards: spec=Medicago_sativa
    threads: 3
    resources: tmpdir=<TBD>


[Fri Apr 12 13:56:15 2024]
localrule minimap_raw:
    input: /work/project/briefwp3/Adela/Dactylis_glomerata/assembly/Dactylis_glomerata.asm.bp.p_ctg.fa, /work/project/briefwp3/Adela/Dactylis_glomerata/fastq_file/Dactylis_glomerata.fastq.gz
    output: /work/project/briefwp3/Adela/GA_CT/results/mapped_reads/Dactylis_glomerata_raw.bam
    jobid: 17
    reason: Missing output files: /work/project/briefwp3/Adela/GA_CT/results/mapped_reads/Dactylis_glomerata_raw.bam
    wildcards: spec=Dactylis_glomerata
    threads: 5
    resources: tmpdir=<TBD>


[Fri Apr 12 13:56:15 2024]
localrule GA_CT_reads:
    input: /work/project/briefwp3/Adela/Diplocyclos_palmidus/fastq_file/Diplocyclos_palmidus.fastq.gz
    output: /work/project/briefwp3/Adela/GA_CT/results/Diplocyclos_palmidus_GACT_raw_reads.txt
    jobid: 9
    reason: Missing output files: /work/project/briefwp3/Adela/GA_CT/results/Diplocyclos_palmidus_GACT_raw_reads.txt
    wildcards: spec=Diplocyclos_palmidus
    resources: tmpdir=<TBD>

Execute 6 jobs...

[Fri Apr 12 13:56:15 2024]
localrule zip_fastq_fail:
    input: /work/project/briefwp3/Adela/GA_CT/results/mapped_reads/Diplocyclos_palmidus_fail.fq
    output: /work/project/briefwp3/Adela/GA_CT/results/mapped_reads/Diplocyclos_palmidus_fail.fq.gz
    jobid: 28
    reason: Missing output files: /work/project/briefwp3/Adela/GA_CT/results/mapped_reads/Diplocyclos_palmidus_fail.fq.gz; Input files updated by another job: /work/project/briefwp3/Adela/GA_CT/results/mapped_reads/Diplocyclos_palmidus_fail.fq
    wildcards: spec=Diplocyclos_palmidus
    threads: 5
    resources: tmpdir=<TBD>


[Fri Apr 12 13:56:15 2024]
localrule samtools_sort_raw:
    input: /work/project/briefwp3/Adela/GA_CT/results/mapped_reads/Diplocyclos_palmidus_raw.bam
    output: /work/project/briefwp3/Adela/GA_CT/results/mapped_reads/Diplocyclos_palmidus_raw_sorted.bam
    jobid: 10
    reason: Missing output files: /work/project/briefwp3/Adela/GA_CT/results/mapped_reads/Diplocyclos_palmidus_raw_sorted.bam; Input files updated by another job: /work/project/briefwp3/Adela/GA_CT/results/mapped_reads/Diplocyclos_palmidus_raw.bam
    wildcards: spec=Diplocyclos_palmidus
    threads: 8
    resources: tmpdir=<TBD>


[Fri Apr 12 13:56:15 2024]
localrule zip_fastq_fail:
    input: /work/project/briefwp3/Adela/GA_CT/results/mapped_reads/Dactylis_glomerata_fail.fq
    output: /work/project/briefwp3/Adela/GA_CT/results/mapped_reads/Dactylis_glomerata_fail.fq.gz
    jobid: 35
    reason: Missing output files: /work/project/briefwp3/Adela/GA_CT/results/mapped_reads/Dactylis_glomerata_fail.fq.gz; Input files updated by another job: /work/project/briefwp3/Adela/GA_CT/results/mapped_reads/Dactylis_glomerata_fail.fq
    wildcards: spec=Dactylis_glomerata
    threads: 5
    resources: tmpdir=<TBD>


[Fri Apr 12 13:56:15 2024]
localrule zip_fastq_fail:
    input: /work/project/briefwp3/Adela/GA_CT/results/mapped_reads/Medicago_sativa_fail.fq
    output: /work/project/briefwp3/Adela/GA_CT/results/mapped_reads/Medicago_sativa_fail.fq.gz
    jobid: 21
    reason: Missing output files: /work/project/briefwp3/Adela/GA_CT/results/mapped_reads/Medicago_sativa_fail.fq.gz; Input files updated by another job: /work/project/briefwp3/Adela/GA_CT/results/mapped_reads/Medicago_sativa_fail.fq
    wildcards: spec=Medicago_sativa
    threads: 5
    resources: tmpdir=<TBD>


[Fri Apr 12 13:56:15 2024]
localrule samtools_sort_raw:
    input: /work/project/briefwp3/Adela/GA_CT/results/mapped_reads/Dactylis_glomerata_raw.bam
    output: /work/project/briefwp3/Adela/GA_CT/results/mapped_reads/Dactylis_glomerata_raw_sorted.bam
    jobid: 16
    reason: Missing output files: /work/project/briefwp3/Adela/GA_CT/results/mapped_reads/Dactylis_glomerata_raw_sorted.bam; Input files updated by another job: /work/project/briefwp3/Adela/GA_CT/results/mapped_reads/Dactylis_glomerata_raw.bam
    wildcards: spec=Dactylis_glomerata
    threads: 8
    resources: tmpdir=<TBD>


[Fri Apr 12 13:56:15 2024]
localrule plot_assembly_curves:
    input: /work/project/briefwp3/Adela/GA_CT/results/Medicago_sativa_GACT_assembly.txt, /work/project/briefwp3/Adela/GA_CT/results/Medicago_sativa_GACT_raw_reads.txt, /work/project/briefwp3/Adela/GA_CT/results/mapped_reads/Medicago_sativa_raw_sorted.bam, /work/project/briefwp3/Adela/GA_CT/results/mapped_reads/Medicago_sativa_raw_sorted.bam.bai, /work/project/briefwp3/Adela/Medicago_sativa/assembly/Medicago_sativa.asm.bp.p_ctg.fa
    output: /work/project/briefwp3/Adela/GA_CT/results/Medicago_sativa_GACT_assembly.pdf
    jobid: 1
    reason: Missing output files: /work/project/briefwp3/Adela/GA_CT/results/Medicago_sativa_GACT_assembly.pdf; Input files updated by another job: /work/project/briefwp3/Adela/GA_CT/results/mapped_reads/Medicago_sativa_raw_sorted.bam.bai
    wildcards: spec=Medicago_sativa
    resources: tmpdir=<TBD>

Execute 8 jobs...

[Fri Apr 12 13:56:15 2024]
localrule minimap_fail:
    input: /work/project/briefwp3/Adela/Diplocyclos_palmidus/downsampled_ass/Diplocyclos_palmidus.asm.bp.p_ctg.fa, /work/project/briefwp3/Adela/GA_CT/results/mapped_reads/Diplocyclos_palmidus_fail.fq.gz
    output: /work/project/briefwp3/Adela/GA_CT/results/mapped_reads/Diplocyclos_palmidus_fail.bam
    jobid: 31
    reason: Missing output files: /work/project/briefwp3/Adela/GA_CT/results/mapped_reads/Diplocyclos_palmidus_fail.bam; Input files updated by another job: /work/project/briefwp3/Adela/GA_CT/results/mapped_reads/Diplocyclos_palmidus_fail.fq.gz
    wildcards: spec=Diplocyclos_palmidus
    threads: 5
    resources: tmpdir=<TBD>


[Fri Apr 12 13:56:15 2024]
localrule minimap_fail:
    input: /work/project/briefwp3/Adela/Medicago_sativa/assembly/Medicago_sativa.asm.bp.p_ctg.fa, /work/project/briefwp3/Adela/GA_CT/results/mapped_reads/Medicago_sativa_fail.fq.gz
    output: /work/project/briefwp3/Adela/GA_CT/results/mapped_reads/Medicago_sativa_fail.bam
    jobid: 24
    reason: Missing output files: /work/project/briefwp3/Adela/GA_CT/results/mapped_reads/Medicago_sativa_fail.bam; Input files updated by another job: /work/project/briefwp3/Adela/GA_CT/results/mapped_reads/Medicago_sativa_fail.fq.gz
    wildcards: spec=Medicago_sativa
    threads: 5
    resources: tmpdir=<TBD>


[Fri Apr 12 13:56:15 2024]
localrule minimap_fail:
    input: /work/project/briefwp3/Adela/Dactylis_glomerata/assembly/Dactylis_glomerata.asm.bp.p_ctg.fa, /work/project/briefwp3/Adela/GA_CT/results/mapped_reads/Dactylis_glomerata_fail.fq.gz
    output: /work/project/briefwp3/Adela/GA_CT/results/mapped_reads/Dactylis_glomerata_fail.bam
    jobid: 38
    reason: Missing output files: /work/project/briefwp3/Adela/GA_CT/results/mapped_reads/Dactylis_glomerata_fail.bam; Input files updated by another job: /work/project/briefwp3/Adela/GA_CT/results/mapped_reads/Dactylis_glomerata_fail.fq.gz
    wildcards: spec=Dactylis_glomerata
    threads: 5
    resources: tmpdir=<TBD>


[Fri Apr 12 13:56:15 2024]
localrule GA_CT_fail_reads:
    input: /work/project/briefwp3/Adela/GA_CT/results/mapped_reads/Dactylis_glomerata_fail.fq.gz
    output: /work/project/briefwp3/Adela/GA_CT/results/Dactylis_glomerata_GACT_fail_reads.txt
    jobid: 34
    reason: Missing output files: /work/project/briefwp3/Adela/GA_CT/results/Dactylis_glomerata_GACT_fail_reads.txt; Input files updated by another job: /work/project/briefwp3/Adela/GA_CT/results/mapped_reads/Dactylis_glomerata_fail.fq.gz
    wildcards: spec=Dactylis_glomerata
    resources: tmpdir=<TBD>


[Fri Apr 12 13:56:15 2024]
localrule GA_CT_fail_reads:
    input: /work/project/briefwp3/Adela/GA_CT/results/mapped_reads/Diplocyclos_palmidus_fail.fq.gz
    output: /work/project/briefwp3/Adela/GA_CT/results/Diplocyclos_palmidus_GACT_fail_reads.txt
    jobid: 27
    reason: Missing output files: /work/project/briefwp3/Adela/GA_CT/results/Diplocyclos_palmidus_GACT_fail_reads.txt; Input files updated by another job: /work/project/briefwp3/Adela/GA_CT/results/mapped_reads/Diplocyclos_palmidus_fail.fq.gz
    wildcards: spec=Diplocyclos_palmidus
    resources: tmpdir=<TBD>


[Fri Apr 12 13:56:15 2024]
localrule GA_CT_fail_reads:
    input: /work/project/briefwp3/Adela/GA_CT/results/mapped_reads/Medicago_sativa_fail.fq.gz
    output: /work/project/briefwp3/Adela/GA_CT/results/Medicago_sativa_GACT_fail_reads.txt
    jobid: 20
    reason: Missing output files: /work/project/briefwp3/Adela/GA_CT/results/Medicago_sativa_GACT_fail_reads.txt; Input files updated by another job: /work/project/briefwp3/Adela/GA_CT/results/mapped_reads/Medicago_sativa_fail.fq.gz
    wildcards: spec=Medicago_sativa
    resources: tmpdir=<TBD>


[Fri Apr 12 13:56:15 2024]
localrule samtools_index_raw:
    input: /work/project/briefwp3/Adela/GA_CT/results/mapped_reads/Diplocyclos_palmidus_raw_sorted.bam
    output: /work/project/briefwp3/Adela/GA_CT/results/mapped_reads/Diplocyclos_palmidus_raw_sorted.bam.bai
    jobid: 12
    reason: Missing output files: /work/project/briefwp3/Adela/GA_CT/results/mapped_reads/Diplocyclos_palmidus_raw_sorted.bam.bai; Input files updated by another job: /work/project/briefwp3/Adela/GA_CT/results/mapped_reads/Diplocyclos_palmidus_raw_sorted.bam
    wildcards: spec=Diplocyclos_palmidus
    threads: 4
    resources: tmpdir=<TBD>


[Fri Apr 12 13:56:15 2024]
localrule samtools_index_raw:
    input: /work/project/briefwp3/Adela/GA_CT/results/mapped_reads/Dactylis_glomerata_raw_sorted.bam
    output: /work/project/briefwp3/Adela/GA_CT/results/mapped_reads/Dactylis_glomerata_raw_sorted.bam.bai
    jobid: 18
    reason: Missing output files: /work/project/briefwp3/Adela/GA_CT/results/mapped_reads/Dactylis_glomerata_raw_sorted.bam.bai; Input files updated by another job: /work/project/briefwp3/Adela/GA_CT/results/mapped_reads/Dactylis_glomerata_raw_sorted.bam
    wildcards: spec=Dactylis_glomerata
    threads: 4
    resources: tmpdir=<TBD>

Execute 5 jobs...

[Fri Apr 12 13:56:15 2024]
localrule plot_assembly_curves:
    input: /work/project/briefwp3/Adela/GA_CT/results/Diplocyclos_palmidus_GACT_assembly.txt, /work/project/briefwp3/Adela/GA_CT/results/Diplocyclos_palmidus_GACT_raw_reads.txt, /work/project/briefwp3/Adela/GA_CT/results/mapped_reads/Diplocyclos_palmidus_raw_sorted.bam, /work/project/briefwp3/Adela/GA_CT/results/mapped_reads/Diplocyclos_palmidus_raw_sorted.bam.bai, /work/project/briefwp3/Adela/Diplocyclos_palmidus/downsampled_ass/Diplocyclos_palmidus.asm.bp.p_ctg.fa
    output: /work/project/briefwp3/Adela/GA_CT/results/Diplocyclos_palmidus_GACT_assembly.pdf
    jobid: 7
    reason: Missing output files: /work/project/briefwp3/Adela/GA_CT/results/Diplocyclos_palmidus_GACT_assembly.pdf; Input files updated by another job: /work/project/briefwp3/Adela/GA_CT/results/Diplocyclos_palmidus_GACT_raw_reads.txt, /work/project/briefwp3/Adela/GA_CT/results/Diplocyclos_palmidus_GACT_assembly.txt, /work/project/briefwp3/Adela/GA_CT/results/mapped_reads/Diplocyclos_palmidus_raw_sorted.bam.bai, /work/project/briefwp3/Adela/GA_CT/results/mapped_reads/Diplocyclos_palmidus_raw_sorted.bam
    wildcards: spec=Diplocyclos_palmidus
    resources: tmpdir=<TBD>


[Fri Apr 12 13:56:15 2024]
localrule samtools_sort_fail:
    input: /work/project/briefwp3/Adela/GA_CT/results/mapped_reads/Dactylis_glomerata_fail.bam
    output: /work/project/briefwp3/Adela/GA_CT/results/mapped_reads/Dactylis_glomerata_fail_sorted.bam
    jobid: 37
    reason: Missing output files: /work/project/briefwp3/Adela/GA_CT/results/mapped_reads/Dactylis_glomerata_fail_sorted.bam; Input files updated by another job: /work/project/briefwp3/Adela/GA_CT/results/mapped_reads/Dactylis_glomerata_fail.bam
    wildcards: spec=Dactylis_glomerata
    threads: 8
    resources: tmpdir=<TBD>


[Fri Apr 12 13:56:15 2024]
localrule samtools_sort_fail:
    input: /work/project/briefwp3/Adela/GA_CT/results/mapped_reads/Medicago_sativa_fail.bam
    output: /work/project/briefwp3/Adela/GA_CT/results/mapped_reads/Medicago_sativa_fail_sorted.bam
    jobid: 23
    reason: Missing output files: /work/project/briefwp3/Adela/GA_CT/results/mapped_reads/Medicago_sativa_fail_sorted.bam; Input files updated by another job: /work/project/briefwp3/Adela/GA_CT/results/mapped_reads/Medicago_sativa_fail.bam
    wildcards: spec=Medicago_sativa
    threads: 8
    resources: tmpdir=<TBD>


[Fri Apr 12 13:56:15 2024]
localrule plot_assembly_curves:
    input: /work/project/briefwp3/Adela/GA_CT/results/Dactylis_glomerata_GACT_assembly.txt, /work/project/briefwp3/Adela/GA_CT/results/Dactylis_glomerata_GACT_raw_reads.txt, /work/project/briefwp3/Adela/GA_CT/results/mapped_reads/Dactylis_glomerata_raw_sorted.bam, /work/project/briefwp3/Adela/GA_CT/results/mapped_reads/Dactylis_glomerata_raw_sorted.bam.bai, /work/project/briefwp3/Adela/Dactylis_glomerata/assembly/Dactylis_glomerata.asm.bp.p_ctg.fa
    output: /work/project/briefwp3/Adela/GA_CT/results/Dactylis_glomerata_GACT_assembly.pdf
    jobid: 13
    reason: Missing output files: /work/project/briefwp3/Adela/GA_CT/results/Dactylis_glomerata_GACT_assembly.pdf; Input files updated by another job: /work/project/briefwp3/Adela/GA_CT/results/mapped_reads/Dactylis_glomerata_raw_sorted.bam, /work/project/briefwp3/Adela/GA_CT/results/Dactylis_glomerata_GACT_raw_reads.txt, /work/project/briefwp3/Adela/GA_CT/results/mapped_reads/Dactylis_glomerata_raw_sorted.bam.bai, /work/project/briefwp3/Adela/GA_CT/results/Dactylis_glomerata_GACT_assembly.txt
    wildcards: spec=Dactylis_glomerata
    resources: tmpdir=<TBD>


[Fri Apr 12 13:56:15 2024]
localrule samtools_sort_fail:
    input: /work/project/briefwp3/Adela/GA_CT/results/mapped_reads/Diplocyclos_palmidus_fail.bam
    output: /work/project/briefwp3/Adela/GA_CT/results/mapped_reads/Diplocyclos_palmidus_fail_sorted.bam
    jobid: 30
    reason: Missing output files: /work/project/briefwp3/Adela/GA_CT/results/mapped_reads/Diplocyclos_palmidus_fail_sorted.bam; Input files updated by another job: /work/project/briefwp3/Adela/GA_CT/results/mapped_reads/Diplocyclos_palmidus_fail.bam
    wildcards: spec=Diplocyclos_palmidus
    threads: 8
    resources: tmpdir=<TBD>

Execute 3 jobs...

[Fri Apr 12 13:56:15 2024]
localrule samtools_index_fail:
    input: /work/project/briefwp3/Adela/GA_CT/results/mapped_reads/Dactylis_glomerata_fail_sorted.bam
    output: /work/project/briefwp3/Adela/GA_CT/results/mapped_reads/Dactylis_glomerata_fail_sorted.bam.bai
    jobid: 39
    reason: Missing output files: /work/project/briefwp3/Adela/GA_CT/results/mapped_reads/Dactylis_glomerata_fail_sorted.bam.bai; Input files updated by another job: /work/project/briefwp3/Adela/GA_CT/results/mapped_reads/Dactylis_glomerata_fail_sorted.bam
    wildcards: spec=Dactylis_glomerata
    resources: tmpdir=<TBD>


[Fri Apr 12 13:56:15 2024]
localrule samtools_index_fail:
    input: /work/project/briefwp3/Adela/GA_CT/results/mapped_reads/Medicago_sativa_fail_sorted.bam
    output: /work/project/briefwp3/Adela/GA_CT/results/mapped_reads/Medicago_sativa_fail_sorted.bam.bai
    jobid: 25
    reason: Missing output files: /work/project/briefwp3/Adela/GA_CT/results/mapped_reads/Medicago_sativa_fail_sorted.bam.bai; Input files updated by another job: /work/project/briefwp3/Adela/GA_CT/results/mapped_reads/Medicago_sativa_fail_sorted.bam
    wildcards: spec=Medicago_sativa
    resources: tmpdir=<TBD>


[Fri Apr 12 13:56:15 2024]
localrule samtools_index_fail:
    input: /work/project/briefwp3/Adela/GA_CT/results/mapped_reads/Diplocyclos_palmidus_fail_sorted.bam
    output: /work/project/briefwp3/Adela/GA_CT/results/mapped_reads/Diplocyclos_palmidus_fail_sorted.bam.bai
    jobid: 32
    reason: Missing output files: /work/project/briefwp3/Adela/GA_CT/results/mapped_reads/Diplocyclos_palmidus_fail_sorted.bam.bai; Input files updated by another job: /work/project/briefwp3/Adela/GA_CT/results/mapped_reads/Diplocyclos_palmidus_fail_sorted.bam
    wildcards: spec=Diplocyclos_palmidus
    resources: tmpdir=<TBD>

Execute 3 jobs...

[Fri Apr 12 13:56:15 2024]
localrule plot_fail_curves:
    input: /work/project/briefwp3/Adela/GA_CT/results/Dactylis_glomerata_GACT_assembly.txt, /work/project/briefwp3/Adela/GA_CT/results/Dactylis_glomerata_GACT_fail_reads.txt, /work/project/briefwp3/Adela/GA_CT/results/mapped_reads/Dactylis_glomerata_fail_sorted.bam, /work/project/briefwp3/Adela/GA_CT/results/mapped_reads/Dactylis_glomerata_fail_sorted.bam.bai, /work/project/briefwp3/Adela/Dactylis_glomerata/assembly/Dactylis_glomerata.asm.bp.p_ctg.fa
    output: /work/project/briefwp3/Adela/GA_CT/results/Dactylis_glomerata_GACT_fail_reads.pdf
    jobid: 33
    reason: Missing output files: /work/project/briefwp3/Adela/GA_CT/results/Dactylis_glomerata_GACT_fail_reads.pdf; Input files updated by another job: /work/project/briefwp3/Adela/GA_CT/results/mapped_reads/Dactylis_glomerata_fail_sorted.bam.bai, /work/project/briefwp3/Adela/GA_CT/results/Dactylis_glomerata_GACT_fail_reads.txt, /work/project/briefwp3/Adela/GA_CT/results/mapped_reads/Dactylis_glomerata_fail_sorted.bam, /work/project/briefwp3/Adela/GA_CT/results/Dactylis_glomerata_GACT_assembly.txt
    wildcards: spec=Dactylis_glomerata
    resources: tmpdir=<TBD>


[Fri Apr 12 13:56:15 2024]
localrule plot_fail_curves:
    input: /work/project/briefwp3/Adela/GA_CT/results/Diplocyclos_palmidus_GACT_assembly.txt, /work/project/briefwp3/Adela/GA_CT/results/Diplocyclos_palmidus_GACT_fail_reads.txt, /work/project/briefwp3/Adela/GA_CT/results/mapped_reads/Diplocyclos_palmidus_fail_sorted.bam, /work/project/briefwp3/Adela/GA_CT/results/mapped_reads/Diplocyclos_palmidus_fail_sorted.bam.bai, /work/project/briefwp3/Adela/Diplocyclos_palmidus/downsampled_ass/Diplocyclos_palmidus.asm.bp.p_ctg.fa
    output: /work/project/briefwp3/Adela/GA_CT/results/Diplocyclos_palmidus_GACT_fail_reads.pdf
    jobid: 26
    reason: Missing output files: /work/project/briefwp3/Adela/GA_CT/results/Diplocyclos_palmidus_GACT_fail_reads.pdf; Input files updated by another job: /work/project/briefwp3/Adela/GA_CT/results/mapped_reads/Diplocyclos_palmidus_fail_sorted.bam.bai, /work/project/briefwp3/Adela/GA_CT/results/Diplocyclos_palmidus_GACT_assembly.txt, /work/project/briefwp3/Adela/GA_CT/results/mapped_reads/Diplocyclos_palmidus_fail_sorted.bam, /work/project/briefwp3/Adela/GA_CT/results/Diplocyclos_palmidus_GACT_fail_reads.txt
    wildcards: spec=Diplocyclos_palmidus
    resources: tmpdir=<TBD>


[Fri Apr 12 13:56:15 2024]
localrule plot_fail_curves:
    input: /work/project/briefwp3/Adela/GA_CT/results/Medicago_sativa_GACT_assembly.txt, /work/project/briefwp3/Adela/GA_CT/results/Medicago_sativa_GACT_fail_reads.txt, /work/project/briefwp3/Adela/GA_CT/results/mapped_reads/Medicago_sativa_fail_sorted.bam, /work/project/briefwp3/Adela/GA_CT/results/mapped_reads/Medicago_sativa_fail_sorted.bam.bai, /work/project/briefwp3/Adela/Medicago_sativa/assembly/Medicago_sativa.asm.bp.p_ctg.fa
    output: /work/project/briefwp3/Adela/GA_CT/results/Medicago_sativa_GACT_fail_reads.pdf
    jobid: 19
    reason: Missing output files: /work/project/briefwp3/Adela/GA_CT/results/Medicago_sativa_GACT_fail_reads.pdf; Input files updated by another job: /work/project/briefwp3/Adela/GA_CT/results/mapped_reads/Medicago_sativa_fail_sorted.bam, /work/project/briefwp3/Adela/GA_CT/results/mapped_reads/Medicago_sativa_fail_sorted.bam.bai, /work/project/briefwp3/Adela/GA_CT/results/Medicago_sativa_GACT_fail_reads.txt
    wildcards: spec=Medicago_sativa
    resources: tmpdir=<TBD>

Execute 1 jobs...

[Fri Apr 12 13:56:15 2024]
localrule all:
    input: /work/project/briefwp3/Adela/GA_CT/results/Medicago_sativa_GACT_assembly.pdf, /work/project/briefwp3/Adela/GA_CT/results/Diplocyclos_palmidus_GACT_assembly.pdf, /work/project/briefwp3/Adela/GA_CT/results/Dactylis_glomerata_GACT_assembly.pdf, /work/project/briefwp3/Adela/GA_CT/results/Medicago_sativa_GACT_fail_reads.pdf, /work/project/briefwp3/Adela/GA_CT/results/Diplocyclos_palmidus_GACT_fail_reads.pdf, /work/project/briefwp3/Adela/GA_CT/results/Dactylis_glomerata_GACT_fail_reads.pdf
    jobid: 0
    reason: Input files updated by another job: /work/project/briefwp3/Adela/GA_CT/results/Dactylis_glomerata_GACT_fail_reads.pdf, /work/project/briefwp3/Adela/GA_CT/results/Medicago_sativa_GACT_assembly.pdf, /work/project/briefwp3/Adela/GA_CT/results/Diplocyclos_palmidus_GACT_assembly.pdf, /work/project/briefwp3/Adela/GA_CT/results/Dactylis_glomerata_GACT_assembly.pdf, /work/project/briefwp3/Adela/GA_CT/results/Medicago_sativa_GACT_fail_reads.pdf, /work/project/briefwp3/Adela/GA_CT/results/Diplocyclos_palmidus_GACT_fail_reads.pdf
    resources: tmpdir=<TBD>

Job stats:
job                     count
--------------------  -------
GA_CT_assembly              2
GA_CT_fail_reads            3
GA_CT_reads                 2
all                         1
make_fastq_fail             3
minimap_fail                3
minimap_raw                 2
plot_assembly_curves        3
plot_fail_curves            3
samtools_index_fail         3
samtools_index_raw          3
samtools_sort_fail          3
samtools_sort_raw           2
zip_fastq_fail              3
total                      36

Reasons:
    (check individual jobs above for details)
    input files updated by another job:
        GA_CT_fail_reads, all, minimap_fail, plot_assembly_curves, plot_fail_curves, samtools_index_fail, samtools_index_raw, samtools_sort_fail, samtools_sort_raw, zip_fastq_fail
    missing output files:
        GA_CT_assembly, GA_CT_fail_reads, GA_CT_reads, make_fastq_fail, minimap_fail, minimap_raw, plot_assembly_curves, plot_fail_curves, samtools_index_fail, samtools_index_raw, samtools_sort_fail, samtools_sort_raw, zip_fastq_fail

This was a dry-run (flag -n). The order of jobs does not reflect the order of execution.
