Building DAG of jobs...
Creating conda environment envs/r.yml...
Downloading and installing remote packages.
Environment for /work/project/briefwp3/Adela/GA_CT/workflow/envs/r.yml created (location: .snakemake/conda/0b3509f4080e20e9d532b102ba096ec3_)
Using shell: /usr/bin/bash
Provided cores: 10
Rules claiming more threads will be scaled down.
Job stats:
job                     count
--------------------  -------
GA_CT_assembly              1
GA_CT_reads                 1
all                         1
minimap_raw                 1
plot_assembly_curves        1
samtools_index_raw          1
samtools_sort_raw           1
total                       7

Select jobs to execute...
Execute 3 jobs...

[Wed Apr 10 21:12:37 2024]
localrule GA_CT_assembly:
    input: /work/project/briefwp3/Adela/Medicago_sativa/assembly/Medicago_sativa.asm.bp.p_ctg.fa
    output: /work/project/briefwp3/Adela/GA_CT/results/Medicago_sativa_GACT_assembly.txt
    jobid: 2
    reason: Missing output files: /work/project/briefwp3/Adela/GA_CT/results/Medicago_sativa_GACT_assembly.txt
    wildcards: spec=Medicago_sativa
    resources: tmpdir=/tmp

[Wed Apr 10 21:12:37 2024]
localrule minimap_raw:
    input: /work/project/briefwp3/Adela/Medicago_sativa/assembly/Medicago_sativa.asm.bp.p_ctg.fa, /work/project/briefwp3/Adela/Medicago_sativa/fastq_file/Medicago_sativa1.fastq.gz
    output: /work/project/briefwp3/Adela/GA_CT/results/mapped_reads/Medicago_sativa_raw.bam
    jobid: 4
    reason: Missing output files: /work/project/briefwp3/Adela/GA_CT/results/mapped_reads/Medicago_sativa_raw.bam
    wildcards: spec=Medicago_sativa
    threads: 5
    resources: tmpdir=/tmp


[Wed Apr 10 21:12:37 2024]
localrule GA_CT_reads:
    input: /work/project/briefwp3/Adela/Medicago_sativa/fastq_file/Medicago_sativa1.fastq.gz
    output: /work/project/briefwp3/Adela/GA_CT/results/Medicago_sativa_GACT_raw_reads.txt
    jobid: 3
    reason: Missing output files: /work/project/briefwp3/Adela/GA_CT/results/Medicago_sativa_GACT_raw_reads.txt
    wildcards: spec=Medicago_sativa
    resources: tmpdir=/tmp

RuleException:
WorkflowError in file /work/project/briefwp3/Adela/GA_CT/workflow/Snakefile, line 104:
Failed to open source file /work/project/briefwp3/Adela/GA_CT/workflow/scripts/GACT_reads.py
FileNotFoundError: [Errno 2] No such file or directory: '/work/project/briefwp3/Adela/GA_CT/workflow/scripts/GACT_reads.py'
[Wed Apr 10 21:12:37 2024]
Error in rule GA_CT_reads:
    jobid: 3
    input: /work/project/briefwp3/Adela/Medicago_sativa/fastq_file/Medicago_sativa1.fastq.gz
    output: /work/project/briefwp3/Adela/GA_CT/results/Medicago_sativa_GACT_raw_reads.txt

RuleException:
CalledProcessError in file /work/project/briefwp3/Adela/GA_CT/workflow/Snakefile, line 93:
Command 'set -euo pipefail;  /usr/local/bioinfo/src/Snakemake/snakemake-v8.3.1/snakemake-v8.3.1_venv/bin/python3 /work/project/briefwp3/Adela/GA_CT/workflow/.snakemake/scripts/tmpprzkuto_.GACT_assembly.py' returned non-zero exit status 1.
[Wed Apr 10 21:12:40 2024]
Error in rule GA_CT_assembly:
    jobid: 2
    input: /work/project/briefwp3/Adela/Medicago_sativa/assembly/Medicago_sativa.asm.bp.p_ctg.fa
    output: /work/project/briefwp3/Adela/GA_CT/results/Medicago_sativa_GACT_assembly.txt

