Building DAG of jobs...
Creating conda environment https://github.com/snakemake/snakemake-wrappers/raw/0.2.0/bio/samtools/sort/environment.yaml...
Downloading and installing remote packages.
Environment for https://github.com/snakemake/snakemake-wrappers/raw/0.2.0/bio/samtools/sort/environment.yaml created (location: .snakemake/conda/ebcc014470e9147dba9856b1a08857dd_)
Creating conda environment envs/r.yml...
Downloading and installing remote packages.
CreateCondaEnvironmentException:
Could not create conda environment from /work/project/briefwp3/Adela/GA_CT/workflow/envs/r.yml:
Command:
mamba env create --quiet --file "/work/project/briefwp3/Adela/GA_CT/workflow/.snakemake/conda/2d4b4eb4422a0a57cea0c83a03ba424d_.yaml" --prefix "/work/project/briefwp3/Adela/GA_CT/workflow/.snakemake/conda/2d4b4eb4422a0a57cea0c83a03ba424d_"
Output:
error    libmamba Could not open lockfile '/usr/local/bioinfo/src/Miniconda/Miniconda3/pkgs/cache/cache.lock'
error    libmamba Could not open lockfile '/usr/local/bioinfo/src/Miniconda/Miniconda3/pkgs/cache/cache.lock'
error    libmamba Could not open lockfile '/usr/local/bioinfo/src/Miniconda/Miniconda3/pkgs/cache/cache.lock'
warning  libmamba Cache file "/usr/local/bioinfo/src/Miniconda/Miniconda3/pkgs/cache/47929eba.json" was modified by another program
error    libmamba Could not open lockfile '/usr/local/bioinfo/src/Miniconda/Miniconda3/pkgs/cache/cache.lock'
warning  libmamba Cache file "/usr/local/bioinfo/src/Miniconda/Miniconda3/pkgs/cache/3e39a7aa.json" was modified by another program
error    libmamba Could not open lockfile '/usr/local/bioinfo/src/Miniconda/Miniconda3/pkgs/cache/cache.lock'
warning  libmamba Cache file "/usr/local/bioinfo/src/Miniconda/Miniconda3/pkgs/cache/2ce54b42.json" was modified by another program
error    libmamba Could not open lockfile '/usr/local/bioinfo/src/Miniconda/Miniconda3/pkgs/cache/cache.lock'
warning  libmamba Cache file "/usr/local/bioinfo/src/Miniconda/Miniconda3/pkgs/cache/4ea078d6.json" was modified by another program
warning  libmamba Problem type not implemented SOLVER_RULE_STRICT_REPO_PRIORITY
warning  libmamba Problem type not implemented SOLVER_RULE_STRICT_REPO_PRIORITY
warning  libmamba Problem type not implemented SOLVER_RULE_STRICT_REPO_PRIORITY
warning  libmamba Problem type not implemented SOLVER_RULE_STRICT_REPO_PRIORITY
warning  libmamba Problem type not implemented SOLVER_RULE_STRICT_REPO_PRIORITY
warning  libmamba Problem type not implemented SOLVER_RULE_STRICT_REPO_PRIORITY
warning  libmamba Problem type not implemented SOLVER_RULE_STRICT_REPO_PRIORITY
warning  libmamba Problem type not implemented SOLVER_RULE_STRICT_REPO_PRIORITY
warning  libmamba Problem type not implemented SOLVER_RULE_STRICT_REPO_PRIORITY
warning  libmamba Problem type not implemented SOLVER_RULE_STRICT_REPO_PRIORITY
warning  libmamba Problem type not implemented SOLVER_RULE_STRICT_REPO_PRIORITY
warning  libmamba Problem type not implemented SOLVER_RULE_STRICT_REPO_PRIORITY
Could not solve for environment specs
The following packages are incompatible
├─ r-base 4.3.1**  is requested and can be installed;
├─ r-dplyr 1.1.3**  is uninstallable because there are no viable options
│  ├─ r-dplyr 1.1.3 would require
│  │  └─ r-pillar >=1.9.0 , which conflicts with any installable versions previously reported;
│  └─ r-dplyr 1.1.3 conflicts with any installable versions previously reported;
├─ r-ggplot2 3.4.4**  is uninstallable because it conflicts with any installable versions previously reported;
├─ r-gsubfn 0.7**  is uninstallable because there are no viable options
│  ├─ r-gsubfn 0.7 would require
│  │  └─ r-base >=3.6,<3.7.0a0 , which conflicts with any installable versions previously reported;
│  ├─ r-gsubfn 0.7 would require
│  │  └─ r-base >=4.2,<4.3.0a0 , which conflicts with any installable versions previously reported;
│  └─ r-gsubfn 0.7 conflicts with any installable versions previously reported;
└─ samtools 1.19**  does not exist (perhaps a typo or a missing channel).

