Building DAG of jobs...
Removing incomplete Conda environment envs/py.yml...
Creating conda environment envs/py.yml...
Downloading and installing remote packages.
Environment for /work/project/briefwp3/Adela/GA_CT/workflow/envs/py.yml created (location: .snakemake/conda/963a2988013321f528df1dfdf75ff78f_)
Using shell: /usr/bin/bash
Provided cores: 10
Rules claiming more threads will be scaled down.
Job stats:
job                     count
--------------------  -------
GA_CT_assembly              1
GA_CT_reads                 1
all                         1
plot_assembly_curves        1
samtools_index_raw          1
total                       5

Select jobs to execute...
Execute 3 jobs...

[Thu Apr 11 13:57:37 2024]
localrule GA_CT_assembly:
    input: /work/project/briefwp3/Adela/Medicago_sativa/assembly/Medicago_sativa.asm.bp.p_ctg.fa
    output: /work/project/briefwp3/Adela/GA_CT/results/Medicago_sativa_GACT_assembly.txt
    jobid: 2
    reason: Missing output files: /work/project/briefwp3/Adela/GA_CT/results/Medicago_sativa_GACT_assembly.txt
    wildcards: spec=Medicago_sativa
    resources: tmpdir=/tmp

[Thu Apr 11 13:57:37 2024]
localrule samtools_index_raw:
    input: /work/project/briefwp3/Adela/GA_CT/results/mapped_reads/Medicago_sativa_raw_sorted.bam
    output: /work/project/briefwp3/Adela/GA_CT/results/mapped_reads/Medicago_sativa_raw_sorted.bam.bai
    jobid: 6
    reason: Missing output files: /work/project/briefwp3/Adela/GA_CT/results/mapped_reads/Medicago_sativa_raw_sorted.bam.bai
    wildcards: spec=Medicago_sativa
    resources: tmpdir=/tmp


[Thu Apr 11 13:57:37 2024]
localrule GA_CT_reads:
    input: /work/project/briefwp3/Adela/Medicago_sativa/fastq_file/Medicago_sativa1.fastq.gz
    output: /work/project/briefwp3/Adela/GA_CT/results/Medicago_sativa_GACT_raw_reads.txt
    jobid: 3
    reason: Missing output files: /work/project/briefwp3/Adela/GA_CT/results/Medicago_sativa_GACT_raw_reads.txt
    wildcards: spec=Medicago_sativa
    resources: tmpdir=/tmp

[Thu Apr 11 13:57:37 2024]
Error in rule samtools_index_raw:
    jobid: 6
    input: /work/project/briefwp3/Adela/GA_CT/results/mapped_reads/Medicago_sativa_raw_sorted.bam
    output: /work/project/briefwp3/Adela/GA_CT/results/mapped_reads/Medicago_sativa_raw_sorted.bam.bai
    shell:
        https://github.com/snakemake/snakemake-wrappers/tree/0.2.0/bio/samtools/index
        (one of the commands exited with non-zero exit code; note that snakemake uses bash strict mode!)

Activating conda environment: .snakemake/conda/963a2988013321f528df1dfdf75ff78f_
Activating conda environment: .snakemake/conda/963a2988013321f528df1dfdf75ff78f_
Activating conda environment: .snakemake/conda/963a2988013321f528df1dfdf75ff78f_
Activating conda environment: .snakemake/conda/963a2988013321f528df1dfdf75ff78f_
[Thu Apr 11 14:07:24 2024]
Finished job 2.
1 of 5 steps (20%) done
